```
--> docker build -t docker-clock .

Step 1/2 : FROM devopsdockeruh/overwrite_cmd_exercise
latest: Pulling from devopsdockeruh/overwrite_cmd_exercise
092586df9206: Pull complete 
ef599477fae0: Pull complete 
4530c6472b5d: Pull complete 
d34d61487075: Pull complete 
87fc2710b63f: Pull complete 
e83c771c5387: Pull complete 
fef6195892ae: Pull complete 
70e1a68db517: Pull complete 
c2599bbef3cb: Pull complete 
c5a7dd6f6ae1: Pull complete 
446220381e79: Pull complete 
27d5280e809c: Pull complete 
Digest: sha256:02e38f4285d5cfaff5ed57ae67a8d99e041027da8f5c972329b46e2b7a47b7d2
Status: Downloaded newer image for devopsdockeruh/overwrite_cmd_exercise:latest
 ---> 3d2b622b1849
Step 2/2 : CMD ["-c"]
 ---> Running in 7c589f47c94e
Removing intermediate container 7c589f47c94e
 ---> 80a2aaf53b5f
Successfully built 80a2aaf53b5f
Successfully tagged docker-clock:latest
--> docker run docker-clock
1
2
3
4
5
6

```
